<?xml version="1.0" encoding="UTF-8"?>
<coverage generated="1732476862066" clover="3.2.0">
  <project timestamp="1732476862066" name="All files">
    <metrics statements="38" coveredstatements="37" conditionals="27" coveredconditionals="18" methods="17" coveredmethods="17" elements="82" coveredelements="72" complexity="0" loc="38" ncloc="38" packages="5" files="8" classes="8"/>
    <package name="components">
      <metrics statements="5" coveredstatements="5" conditionals="11" coveredconditionals="6" methods="2" coveredmethods="2"/>
      <file name="ThemedText.tsx" path="C:\IPA-Vorbereitung\Rezeptfinder\Code\EatFresh\components\ThemedText.tsx">
        <metrics statements="3" coveredstatements="3" conditionals="11" coveredconditionals="6" methods="1" coveredmethods="1"/>
        <line num="18" count="1" type="stmt"/>
        <line num="20" count="1" type="stmt"/>
        <line num="36" count="1" type="stmt"/>
      </file>
      <file name="ThemedView.tsx" path="C:\IPA-Vorbereitung\Rezeptfinder\Code\EatFresh\components\ThemedView.tsx">
        <metrics statements="2" coveredstatements="2" conditionals="0" coveredconditionals="0" methods="1" coveredmethods="1"/>
        <line num="11" count="1" type="stmt"/>
        <line num="13" count="1" type="stmt"/>
      </file>
    </package>
    <package name="components.HistoryElement">
      <metrics statements="6" coveredstatements="6" conditionals="0" coveredconditionals="0" methods="4" coveredmethods="4"/>
      <file name="HistoryItem.tsx" path="C:\IPA-Vorbereitung\Rezeptfinder\Code\EatFresh\components\HistoryElement\HistoryItem.tsx">
        <metrics statements="2" coveredstatements="2" conditionals="0" coveredconditionals="0" methods="1" coveredmethods="1"/>
        <line num="5" count="2" type="stmt"/>
        <line num="26" count="7" type="stmt"/>
      </file>
      <file name="HistoryList.tsx" path="C:\IPA-Vorbereitung\Rezeptfinder\Code\EatFresh\components\HistoryElement\HistoryList.tsx">
        <metrics statements="4" coveredstatements="4" conditionals="0" coveredconditionals="0" methods="3" coveredmethods="3"/>
        <line num="6" count="4" type="stmt"/>
        <line num="8" count="4" type="stmt"/>
        <line num="11" count="6" type="stmt"/>
        <line num="12" count="9" type="stmt"/>
      </file>
    </package>
    <package name="components.RecipeCard">
      <metrics statements="19" coveredstatements="19" conditionals="12" coveredconditionals="10" methods="10" coveredmethods="10"/>
      <file name="FavoriteRecipeCard.tsx" path="C:\IPA-Vorbereitung\Rezeptfinder\Code\EatFresh\components\RecipeCard\FavoriteRecipeCard.tsx">
        <metrics statements="10" coveredstatements="10" conditionals="6" coveredconditionals="5" methods="5" coveredmethods="5"/>
        <line num="17" count="1" type="stmt"/>
        <line num="67" count="8" type="stmt"/>
        <line num="68" count="8" type="stmt"/>
        <line num="70" count="8" type="stmt"/>
        <line num="71" count="2" type="cond" truecount="2" falsecount="0"/>
        <line num="72" count="1" type="stmt"/>
        <line num="74" count="1" type="stmt"/>
        <line num="78" count="8" type="stmt"/>
        <line num="95" count="2" type="stmt"/>
        <line num="98" count="2" type="cond" truecount="2" falsecount="0"/>
      </file>
      <file name="SearchRecipeCard.tsx" path="C:\IPA-Vorbereitung\Rezeptfinder\Code\EatFresh\components\RecipeCard\SearchRecipeCard.tsx">
        <metrics statements="9" coveredstatements="9" conditionals="6" coveredconditionals="5" methods="5" coveredmethods="5"/>
        <line num="10" count="1" type="stmt"/>
        <line num="60" count="8" type="stmt"/>
        <line num="62" count="8" type="stmt"/>
        <line num="63" count="2" type="cond" truecount="2" falsecount="0"/>
        <line num="64" count="1" type="stmt"/>
        <line num="66" count="1" type="stmt"/>
        <line num="70" count="8" type="stmt"/>
        <line num="85" count="2" type="stmt"/>
        <line num="88" count="2" type="cond" truecount="2" falsecount="0"/>
      </file>
    </package>
    <package name="constants">
      <metrics statements="3" coveredstatements="3" conditionals="0" coveredconditionals="0" methods="0" coveredmethods="0"/>
      <file name="Colors.ts" path="C:\IPA-Vorbereitung\Rezeptfinder\Code\EatFresh\constants\Colors.ts">
        <metrics statements="3" coveredstatements="3" conditionals="0" coveredconditionals="0" methods="0" coveredmethods="0"/>
        <line num="6" count="4" type="stmt"/>
        <line num="7" count="4" type="stmt"/>
        <line num="9" count="4" type="stmt"/>
      </file>
    </package>
    <package name="hooks">
      <metrics statements="5" coveredstatements="4" conditionals="4" coveredconditionals="2" methods="1" coveredmethods="1"/>
      <file name="useThemeColor.ts" path="C:\IPA-Vorbereitung\Rezeptfinder\Code\EatFresh\hooks\useThemeColor.ts">
        <metrics statements="5" coveredstatements="4" conditionals="4" coveredconditionals="2" methods="1" coveredmethods="1"/>
        <line num="14" count="2" type="cond" truecount="1" falsecount="1"/>
        <line num="15" count="2" type="stmt"/>
        <line num="17" count="2" type="cond" truecount="1" falsecount="1"/>
        <line num="18" count="0" type="stmt"/>
        <line num="20" count="2" type="stmt"/>
      </file>
    </package>
  </project>
</coverage>
