{"C:\\IPA-Vorbereitung\\Rezeptfinder\\Code\\EatFresh\\components\\ThemedText.tsx": {"path":"C:\\IPA-Vorbereitung\\Rezeptfinder\\Code\\EatFresh\\components\\ThemedText.tsx","statementMap":{"0":{"start":{"line":18,"column":16},"end":{"line":18,"column":77}},"1":{"start":{"line":20,"column":2},"end":{"line":33,"column":4}},"2":{"start":{"line":36,"column":15},"end":{"line":60,"column":2}}},"fnMap":{"0":{"name":"ThemedText","decl":{"start":{"line":11,"column":16},"end":{"line":11,"column":26}},"loc":{"start":{"line":17,"column":20},"end":{"line":34,"column":1}},"line":17}},"branchMap":{"0":{"loc":{"start":{"line":15,"column":2},"end":{"line":15,"column":18}},"type":"default-arg","locations":[{"start":{"line":15,"column":9},"end":{"line":15,"column":18}}],"line":15},"1":{"loc":{"start":{"line":24,"column":8},"end":{"line":24,"column":55}},"type":"cond-expr","locations":[{"start":{"line":24,"column":29},"end":{"line":24,"column":43}},{"start":{"line":24,"column":46},"end":{"line":24,"column":55}}],"line":24},"2":{"loc":{"start":{"line":25,"column":8},"end":{"line":25,"column":51}},"type":"cond-expr","locations":[{"start":{"line":25,"column":27},"end":{"line":25,"column":39}},{"start":{"line":25,"column":42},"end":{"line":25,"column":51}}],"line":25},"3":{"loc":{"start":{"line":26,"column":8},"end":{"line":26,"column":71}},"type":"cond-expr","locations":[{"start":{"line":26,"column":37},"end":{"line":26,"column":59}},{"start":{"line":26,"column":62},"end":{"line":26,"column":71}}],"line":26},"4":{"loc":{"start":{"line":27,"column":8},"end":{"line":27,"column":57}},"type":"cond-expr","locations":[{"start":{"line":27,"column":30},"end":{"line":27,"column":45}},{"start":{"line":27,"column":48},"end":{"line":27,"column":57}}],"line":27},"5":{"loc":{"start":{"line":28,"column":8},"end":{"line":28,"column":49}},"type":"cond-expr","locations":[{"start":{"line":28,"column":26},"end":{"line":28,"column":37}},{"start":{"line":28,"column":40},"end":{"line":28,"column":49}}],"line":28}},"s":{"0":1,"1":1,"2":1},"f":{"0":1},"b":{"0":[1],"1":[1,0],"2":[0,1],"3":[0,1],"4":[0,1],"5":[0,1]},"_coverageSchema":"1a1c01bbd47fc00a2c39e90264f33305004495a9","hash":"efd58e18ffc8c3ba560a35f07f97798607442473"}
,"C:\\IPA-Vorbereitung\\Rezeptfinder\\Code\\EatFresh\\components\\ThemedView.tsx": {"path":"C:\\IPA-Vorbereitung\\Rezeptfinder\\Code\\EatFresh\\components\\ThemedView.tsx","statementMap":{"0":{"start":{"line":11,"column":26},"end":{"line":11,"column":93}},"1":{"start":{"line":13,"column":2},"end":{"line":13,"column":71}}},"fnMap":{"0":{"name":"ThemedView","decl":{"start":{"line":10,"column":16},"end":{"line":10,"column":26}},"loc":{"start":{"line":10,"column":93},"end":{"line":14,"column":1}},"line":10}},"branchMap":{},"s":{"0":1,"1":1},"f":{"0":1},"b":{},"_coverageSchema":"1a1c01bbd47fc00a2c39e90264f33305004495a9","hash":"dab674c68ac9a7bd1aada2fb75e5eee79f8604c3"}
,"C:\\IPA-Vorbereitung\\Rezeptfinder\\Code\\EatFresh\\components\\HistoryElement\\HistoryItem.tsx": {"path":"C:\\IPA-Vorbereitung\\Rezeptfinder\\Code\\EatFresh\\components\\HistoryElement\\HistoryItem.tsx","statementMap":{"0":{"start":{"line":5,"column":15},"end":{"line":19,"column":2}},"1":{"start":{"line":26,"column":2},"end":{"line":31,"column":4}}},"fnMap":{"0":{"name":"HistoryItem","decl":{"start":{"line":25,"column":24},"end":{"line":25,"column":35}},"loc":{"start":{"line":25,"column":64},"end":{"line":32,"column":1}},"line":25}},"branchMap":{},"s":{"0":2,"1":7},"f":{"0":7},"b":{},"_coverageSchema":"1a1c01bbd47fc00a2c39e90264f33305004495a9","hash":"bf3b04fcf906aff3e6018edb893d5849b18fc2f2"}
,"C:\\IPA-Vorbereitung\\Rezeptfinder\\Code\\EatFresh\\components\\HistoryElement\\HistoryList.tsx": {"path":"C:\\IPA-Vorbereitung\\Rezeptfinder\\Code\\EatFresh\\components\\HistoryElement\\HistoryList.tsx","statementMap":{"0":{"start":{"line":6,"column":22},"end":{"line":6,"column":41}},"1":{"start":{"line":8,"column":2},"end":{"line":14,"column":4}},"2":{"start":{"line":11,"column":32},"end":{"line":11,"column":59}},"3":{"start":{"line":12,"column":30},"end":{"line":12,"column":39}}},"fnMap":{"0":{"name":"HistoryList","decl":{"start":{"line":5,"column":24},"end":{"line":5,"column":35}},"loc":{"start":{"line":5,"column":38},"end":{"line":15,"column":1}},"line":5},"1":{"name":"(anonymous_1)","decl":{"start":{"line":11,"column":18},"end":{"line":11,"column":19}},"loc":{"start":{"line":11,"column":32},"end":{"line":11,"column":59}},"line":11},"2":{"name":"(anonymous_2)","decl":{"start":{"line":12,"column":20},"end":{"line":12,"column":21}},"loc":{"start":{"line":12,"column":30},"end":{"line":12,"column":39}},"line":12}},"branchMap":{},"s":{"0":4,"1":4,"2":6,"3":9},"f":{"0":4,"1":6,"2":9},"b":{},"_coverageSchema":"1a1c01bbd47fc00a2c39e90264f33305004495a9","hash":"29325fbec22092d09117d1752f439f5e62d2787b"}
,"C:\\IPA-Vorbereitung\\Rezeptfinder\\Code\\EatFresh\\components\\RecipeCard\\FavoriteRecipeCard.tsx": {"path":"C:\\IPA-Vorbereitung\\Rezeptfinder\\Code\\EatFresh\\components\\RecipeCard\\FavoriteRecipeCard.tsx","statementMap":{"0":{"start":{"line":17,"column":15},"end":{"line":60,"column":2}},"1":{"start":{"line":67,"column":17},"end":{"line":67,"column":33}},"2":{"start":{"line":68,"column":53},"end":{"line":68,"column":74}},"3":{"start":{"line":70,"column":26},"end":{"line":76,"column":3}},"4":{"start":{"line":71,"column":4},"end":{"line":75,"column":5}},"5":{"start":{"line":71,"column":31},"end":{"line":71,"column":57}},"6":{"start":{"line":72,"column":6},"end":{"line":72,"column":27}},"7":{"start":{"line":74,"column":6},"end":{"line":74,"column":37}},"8":{"start":{"line":78,"column":2},"end":{"line":111,"column":4}},"9":{"start":{"line":95,"column":27},"end":{"line":95,"column":48}},"10":{"start":{"line":98,"column":35},"end":{"line":98,"column":58}}},"fnMap":{"0":{"name":"FavoriteRecipeCard","decl":{"start":{"line":66,"column":24},"end":{"line":66,"column":42}},"loc":{"start":{"line":66,"column":78},"end":{"line":112,"column":1}},"line":66},"1":{"name":"(anonymous_1)","decl":{"start":{"line":70,"column":26},"end":{"line":70,"column":27}},"loc":{"start":{"line":70,"column":51},"end":{"line":76,"column":3}},"line":70},"2":{"name":"(anonymous_2)","decl":{"start":{"line":71,"column":24},"end":{"line":71,"column":25}},"loc":{"start":{"line":71,"column":31},"end":{"line":71,"column":57}},"line":71},"3":{"name":"(anonymous_3)","decl":{"start":{"line":95,"column":21},"end":{"line":95,"column":22}},"loc":{"start":{"line":95,"column":27},"end":{"line":95,"column":48}},"line":95},"4":{"name":"(anonymous_4)","decl":{"start":{"line":98,"column":28},"end":{"line":98,"column":29}},"loc":{"start":{"line":98,"column":35},"end":{"line":98,"column":58}},"line":98}},"branchMap":{"0":{"loc":{"start":{"line":71,"column":4},"end":{"line":75,"column":5}},"type":"if","locations":[{"start":{"line":71,"column":4},"end":{"line":75,"column":5}},{"start":{"line":73,"column":11},"end":{"line":75,"column":5}}],"line":71},"1":{"loc":{"start":{"line":84,"column":11},"end":{"line":86,"column":18}},"type":"cond-expr","locations":[{"start":{"line":85,"column":12},"end":{"line":85,"column":78}},{"start":{"line":86,"column":14},"end":{"line":86,"column":18}}],"line":84},"2":{"loc":{"start":{"line":98,"column":13},"end":{"line":106,"column":13}},"type":"cond-expr","locations":[{"start":{"line":99,"column":14},"end":{"line":99,"column":79}},{"start":{"line":101,"column":14},"end":{"line":105,"column":16}}],"line":98}},"s":{"0":1,"1":8,"2":8,"3":8,"4":2,"5":1,"6":1,"7":1,"8":8,"9":2,"10":2},"f":{"0":8,"1":2,"2":1,"3":2,"4":2},"b":{"0":[1,1],"1":[8,0],"2":[2,6]},"_coverageSchema":"1a1c01bbd47fc00a2c39e90264f33305004495a9","hash":"80b58c7a4750375b6deb8cbc7a2e96a39c2e27a8"}
,"C:\\IPA-Vorbereitung\\Rezeptfinder\\Code\\EatFresh\\components\\RecipeCard\\SearchRecipeCard.tsx": {"path":"C:\\IPA-Vorbereitung\\Rezeptfinder\\Code\\EatFresh\\components\\RecipeCard\\SearchRecipeCard.tsx","statementMap":{"0":{"start":{"line":10,"column":15},"end":{"line":53,"column":2}},"1":{"start":{"line":60,"column":53},"end":{"line":60,"column":74}},"2":{"start":{"line":62,"column":26},"end":{"line":68,"column":3}},"3":{"start":{"line":63,"column":4},"end":{"line":67,"column":5}},"4":{"start":{"line":63,"column":31},"end":{"line":63,"column":57}},"5":{"start":{"line":64,"column":6},"end":{"line":64,"column":27}},"6":{"start":{"line":66,"column":6},"end":{"line":66,"column":37}},"7":{"start":{"line":70,"column":2},"end":{"line":101,"column":4}},"8":{"start":{"line":85,"column":27},"end":{"line":85,"column":48}},"9":{"start":{"line":88,"column":35},"end":{"line":88,"column":58}}},"fnMap":{"0":{"name":"SearchRecipeCard","decl":{"start":{"line":59,"column":24},"end":{"line":59,"column":40}},"loc":{"start":{"line":59,"column":74},"end":{"line":102,"column":1}},"line":59},"1":{"name":"(anonymous_1)","decl":{"start":{"line":62,"column":26},"end":{"line":62,"column":27}},"loc":{"start":{"line":62,"column":51},"end":{"line":68,"column":3}},"line":62},"2":{"name":"(anonymous_2)","decl":{"start":{"line":63,"column":24},"end":{"line":63,"column":25}},"loc":{"start":{"line":63,"column":31},"end":{"line":63,"column":57}},"line":63},"3":{"name":"(anonymous_3)","decl":{"start":{"line":85,"column":21},"end":{"line":85,"column":22}},"loc":{"start":{"line":85,"column":27},"end":{"line":85,"column":48}},"line":85},"4":{"name":"(anonymous_4)","decl":{"start":{"line":88,"column":28},"end":{"line":88,"column":29}},"loc":{"start":{"line":88,"column":35},"end":{"line":88,"column":58}},"line":88}},"branchMap":{"0":{"loc":{"start":{"line":63,"column":4},"end":{"line":67,"column":5}},"type":"if","locations":[{"start":{"line":63,"column":4},"end":{"line":67,"column":5}},{"start":{"line":65,"column":11},"end":{"line":67,"column":5}}],"line":63},"1":{"loc":{"start":{"line":74,"column":11},"end":{"line":76,"column":18}},"type":"cond-expr","locations":[{"start":{"line":75,"column":12},"end":{"line":75,"column":78}},{"start":{"line":76,"column":14},"end":{"line":76,"column":18}}],"line":74},"2":{"loc":{"start":{"line":88,"column":13},"end":{"line":96,"column":13}},"type":"cond-expr","locations":[{"start":{"line":89,"column":14},"end":{"line":89,"column":79}},{"start":{"line":91,"column":14},"end":{"line":95,"column":16}}],"line":88}},"s":{"0":1,"1":8,"2":8,"3":2,"4":1,"5":1,"6":1,"7":8,"8":2,"9":2},"f":{"0":8,"1":2,"2":1,"3":2,"4":2},"b":{"0":[1,1],"1":[8,0],"2":[2,6]},"_coverageSchema":"1a1c01bbd47fc00a2c39e90264f33305004495a9","hash":"74fcaebc8451883a824a4d117ba0a66a638336ff"}
,"C:\\IPA-Vorbereitung\\Rezeptfinder\\Code\\EatFresh\\constants\\Colors.ts": {"path":"C:\\IPA-Vorbereitung\\Rezeptfinder\\Code\\EatFresh\\constants\\Colors.ts","statementMap":{"0":{"start":{"line":6,"column":23},"end":{"line":6,"column":32}},"1":{"start":{"line":7,"column":22},"end":{"line":7,"column":28}},"2":{"start":{"line":9,"column":22},"end":{"line":30,"column":1}}},"fnMap":{},"branchMap":{},"s":{"0":4,"1":4,"2":4},"f":{},"b":{},"_coverageSchema":"1a1c01bbd47fc00a2c39e90264f33305004495a9","hash":"4f9c9230c20191f2af2f54fd22f94facbd623816"}
,"C:\\IPA-Vorbereitung\\Rezeptfinder\\Code\\EatFresh\\hooks\\useThemeColor.ts": {"path":"C:\\IPA-Vorbereitung\\Rezeptfinder\\Code\\EatFresh\\hooks\\useThemeColor.ts","statementMap":{"0":{"start":{"line":14,"column":18},"end":{"line":14,"column":45}},"1":{"start":{"line":15,"column":27},"end":{"line":15,"column":39}},"2":{"start":{"line":17,"column":4},"end":{"line":21,"column":5}},"3":{"start":{"line":18,"column":8},"end":{"line":18,"column":30}},"4":{"start":{"line":20,"column":8},"end":{"line":20,"column":40}}},"fnMap":{"0":{"name":"useThemeColor","decl":{"start":{"line":10,"column":16},"end":{"line":10,"column":29}},"loc":{"start":{"line":13,"column":2},"end":{"line":22,"column":1}},"line":13}},"branchMap":{"0":{"loc":{"start":{"line":14,"column":18},"end":{"line":14,"column":45}},"type":"binary-expr","locations":[{"start":{"line":14,"column":18},"end":{"line":14,"column":34}},{"start":{"line":14,"column":38},"end":{"line":14,"column":45}}],"line":14},"1":{"loc":{"start":{"line":17,"column":4},"end":{"line":21,"column":5}},"type":"if","locations":[{"start":{"line":17,"column":4},"end":{"line":21,"column":5}},{"start":{"line":19,"column":11},"end":{"line":21,"column":5}}],"line":17}},"s":{"0":2,"1":2,"2":2,"3":0,"4":2},"f":{"0":2},"b":{"0":[2,0],"1":[0,2]},"_coverageSchema":"1a1c01bbd47fc00a2c39e90264f33305004495a9","hash":"d2d808b64d330c16c4a795c8875d76bad740df2a"}
}
