TN:
SF:components\ThemedText.tsx
FN:11,ThemedText
FNF:1
FNH:1
FNDA:1,ThemedText
DA:18,1
DA:20,1
DA:36,1
LF:3
LH:3
BRDA:15,0,0,1
BRDA:24,1,0,1
BRDA:24,1,1,0
BRDA:25,2,0,0
BRDA:25,2,1,1
BRDA:26,3,0,0
BRDA:26,3,1,1
BRDA:27,4,0,0
BRDA:27,4,1,1
BRDA:28,5,0,0
BRDA:28,5,1,1
BRF:11
BRH:6
end_of_record
TN:
SF:components\ThemedView.tsx
FN:10,ThemedView
FNF:1
FNH:1
FNDA:1,ThemedView
DA:11,1
DA:13,1
LF:2
LH:2
BRF:0
BRH:0
end_of_record
TN:
SF:components\HistoryElement\HistoryItem.tsx
FN:25,HistoryItem
FNF:1
FNH:1
FNDA:7,HistoryItem
DA:5,2
DA:26,7
LF:2
LH:2
BRF:0
BRH:0
end_of_record
TN:
SF:components\HistoryElement\HistoryList.tsx
FN:5,HistoryList
FN:11,(anonymous_1)
FN:12,(anonymous_2)
FNF:3
FNH:3
FNDA:4,HistoryList
FNDA:6,(anonymous_1)
FNDA:9,(anonymous_2)
DA:6,4
DA:8,4
DA:11,6
DA:12,9
LF:4
LH:4
BRF:0
BRH:0
end_of_record
TN:
SF:components\RecipeCard\FavoriteRecipeCard.tsx
FN:66,FavoriteRecipeCard
FN:70,(anonymous_1)
FN:71,(anonymous_2)
FN:95,(anonymous_3)
FN:98,(anonymous_4)
FNF:5
FNH:5
FNDA:8,FavoriteRecipeCard
FNDA:2,(anonymous_1)
FNDA:1,(anonymous_2)
FNDA:2,(anonymous_3)
FNDA:2,(anonymous_4)
DA:17,1
DA:67,8
DA:68,8
DA:70,8
DA:71,2
DA:72,1
DA:74,1
DA:78,8
DA:95,2
DA:98,2
LF:10
LH:10
BRDA:71,0,0,1
BRDA:71,0,1,1
BRDA:84,1,0,8
BRDA:84,1,1,0
BRDA:98,2,0,2
BRDA:98,2,1,6
BRF:6
BRH:5
end_of_record
TN:
SF:components\RecipeCard\SearchRecipeCard.tsx
FN:59,SearchRecipeCard
FN:62,(anonymous_1)
FN:63,(anonymous_2)
FN:85,(anonymous_3)
FN:88,(anonymous_4)
FNF:5
FNH:5
FNDA:8,SearchRecipeCard
FNDA:2,(anonymous_1)
FNDA:1,(anonymous_2)
FNDA:2,(anonymous_3)
FNDA:2,(anonymous_4)
DA:10,1
DA:60,8
DA:62,8
DA:63,2
DA:64,1
DA:66,1
DA:70,8
DA:85,2
DA:88,2
LF:9
LH:9
BRDA:63,0,0,1
BRDA:63,0,1,1
BRDA:74,1,0,8
BRDA:74,1,1,0
BRDA:88,2,0,2
BRDA:88,2,1,6
BRF:6
BRH:5
end_of_record
TN:
SF:constants\Colors.ts
FNF:0
FNH:0
DA:6,4
DA:7,4
DA:9,4
LF:3
LH:3
BRF:0
BRH:0
end_of_record
TN:
SF:hooks\useThemeColor.ts
FN:10,useThemeColor
FNF:1
FNH:1
FNDA:2,useThemeColor
DA:14,2
DA:15,2
DA:17,2
DA:18,0
DA:20,2
LF:5
LH:4
BRDA:14,0,0,2
BRDA:14,0,1,0
BRDA:17,1,0,0
BRDA:17,1,1,2
BRF:4
BRH:2
end_of_record
